<?xml version="1.0" encoding="UTF-8"?>
<coverage generated="1539700012394" clover="3.2.0">
  <project timestamp="1539700012394" name="All files">
    <metrics statements="17" coveredstatements="10" conditionals="2" coveredconditionals="0" methods="6" coveredmethods="5" elements="25" coveredelements="15" complexity="0" loc="17" ncloc="17" packages="2" files="3" classes="3">
      <package name="injection_dependent">
        <metrics statements="15" coveredstatements="8" conditionals="2" coveredconditionals="0" methods="4" coveredmethods="3"/>
        <file name="App.js" path="/Users/mathou/Projects/FINAL/injection_dependent/App.js">
          <metrics statements="15" coveredstatements="8" conditionals="2" coveredconditionals="0" methods="4" coveredmethods="3"/>
          <line num="8" count="10" type="stmt"/>
          <line num="9" count="10" type="stmt"/>
          <line num="17" count="7" type="stmt"/>
          <line num="18" count="7" type="stmt"/>
          <line num="19" count="7" type="stmt"/>
          <line num="27" count="17" type="stmt"/>
          <line num="28" count="0" type="stmt"/>
          <line num="29" count="0" type="stmt"/>
          <line num="30" count="0" type="cond" truecount="0" falsecount="2"/>
          <line num="31" count="0" type="stmt"/>
          <line num="32" count="0" type="stmt"/>
          <line num="35" count="0" type="stmt"/>
          <line num="36" count="0" type="stmt"/>
          <line num="39" count="17" type="stmt"/>
          <line num="53" count="1" type="stmt"/>
        </file>
      </package>
      <package name="injection_dependent.src">
        <metrics statements="2" coveredstatements="2" conditionals="0" coveredconditionals="0" methods="2" coveredmethods="2"/>
        <file name="CurrentSite.js" path="/Users/mathou/Projects/FINAL/injection_dependent/src/CurrentSite.js">
          <metrics statements="1" coveredstatements="1" conditionals="0" coveredconditionals="0" methods="1" coveredmethods="1"/>
          <line num="6" count="1" type="stmt"/>
        </file>
        <file name="PreviousSite.js" path="/Users/mathou/Projects/FINAL/injection_dependent/src/PreviousSite.js">
          <metrics statements="1" coveredstatements="1" conditionals="0" coveredconditionals="0" methods="1" coveredmethods="1"/>
          <line num="6" count="1" type="stmt"/>
        </file>
      </package>
    </metrics>
  </project>
</coverage>
