<?xml version="1.0" encoding="UTF-8"?>
<coverage generated="1539694871108" clover="3.2.0">
  <project timestamp="1539694871108" name="All files">
    <metrics statements="2" coveredstatements="2" conditionals="0" coveredconditionals="0" methods="2" coveredmethods="2" elements="4" coveredelements="4" complexity="0" loc="2" ncloc="2" packages="1" files="2" classes="2">
      <file name="CurrentSite.js" path="/Users/mathou/Projects/FINAL/injection_dependent/src/CurrentSite.js">
        <metrics statements="1" coveredstatements="1" conditionals="0" coveredconditionals="0" methods="1" coveredmethods="1"/>
        <line num="6" count="1" type="stmt"/>
      </file>
      <file name="PreviousSite.js" path="/Users/mathou/Projects/FINAL/injection_dependent/src/PreviousSite.js">
        <metrics statements="1" coveredstatements="1" conditionals="0" coveredconditionals="0" methods="1" coveredmethods="1"/>
        <line num="6" count="1" type="stmt"/>
      </file>
    </metrics>
  </project>
</coverage>
