{"/Users/mathou/Projects/FINAL/injection_dependent/App.js": {"path":"/Users/mathou/Projects/FINAL/injection_dependent/App.js","statementMap":{"0":{"start":{"line":8,"column":4},"end":{"line":8,"column":16}},"1":{"start":{"line":9,"column":4},"end":{"line":12,"column":5}},"2":{"start":{"line":16,"column":21},"end":{"line":16,"column":67}},"3":{"start":{"line":17,"column":23},"end":{"line":17,"column":76}},"4":{"start":{"line":18,"column":4},"end":{"line":21,"column":6}},"5":{"start":{"line":25,"column":4},"end":{"line":35,"column":6}},"6":{"start":{"line":39,"column":15},"end":{"line":46,"column":2}}},"fnMap":{"0":{"name":"(anonymous_0)","decl":{"start":{"line":7,"column":2},"end":{"line":7,"column":3}},"loc":{"start":{"line":7,"column":21},"end":{"line":13,"column":3}},"line":7},"1":{"name":"(anonymous_1)","decl":{"start":{"line":15,"column":2},"end":{"line":15,"column":3}},"loc":{"start":{"line":15,"column":23},"end":{"line":22,"column":3}},"line":15},"2":{"name":"(anonymous_2)","decl":{"start":{"line":24,"column":2},"end":{"line":24,"column":3}},"loc":{"start":{"line":24,"column":11},"end":{"line":36,"column":3}},"line":24}},"branchMap":{},"s":{"0":9,"1":9,"2":6,"3":6,"4":6,"5":15,"6":1},"f":{"0":9,"1":6,"2":15},"b":{},"_coverageSchema":"332fd63041d2c1bcb487cc26dd0d5f7d97098a6c","hash":"27ae2af078ffc95a6b62ebab8f416490e5810b4f"}
,"/Users/mathou/Projects/FINAL/injection_dependent/setupTests.js": {"path":"/Users/mathou/Projects/FINAL/injection_dependent/setupTests.js","statementMap":{"0":{"start":{"line":7,"column":0},"end":{"line":7,"column":30}},"1":{"start":{"line":8,"column":0},"end":{"line":8,"column":37}},"2":{"start":{"line":9,"column":0},"end":{"line":13,"column":3}},"3":{"start":{"line":10,"column":2},"end":{"line":12,"column":3}},"4":{"start":{"line":11,"column":4},"end":{"line":11,"column":54}},"5":{"start":{"line":14,"column":0},"end":{"line":14,"column":36}}},"fnMap":{"0":{"name":"(anonymous_0)","decl":{"start":{"line":9,"column":42},"end":{"line":9,"column":43}},"loc":{"start":{"line":9,"column":56},"end":{"line":13,"column":1}},"line":9}},"branchMap":{"0":{"loc":{"start":{"line":10,"column":2},"end":{"line":12,"column":3}},"type":"if","locations":[{"start":{"line":10,"column":2},"end":{"line":12,"column":3}},{"start":{"line":10,"column":2},"end":{"line":12,"column":3}}],"line":10}},"s":{"0":3,"1":3,"2":3,"3":606,"4":0,"5":3},"f":{"0":606},"b":{"0":[0,606]},"_coverageSchema":"332fd63041d2c1bcb487cc26dd0d5f7d97098a6c","hash":"a15d805f0a3bbdfa875ce8b3ae25a3b042a3fd59"}
,"/Users/mathou/Projects/FINAL/injection_dependent/src/CurrentSite.js": {"path":"/Users/mathou/Projects/FINAL/injection_dependent/src/CurrentSite.js","statementMap":{"0":{"start":{"line":6,"column":4},"end":{"line":10,"column":6}}},"fnMap":{"0":{"name":"(anonymous_0)","decl":{"start":{"line":5,"column":2},"end":{"line":5,"column":3}},"loc":{"start":{"line":5,"column":11},"end":{"line":11,"column":3}},"line":5}},"branchMap":{},"s":{"0":1},"f":{"0":1},"b":{},"_coverageSchema":"332fd63041d2c1bcb487cc26dd0d5f7d97098a6c","hash":"b23e1209572891dea534f21de39d1961e50fb91c"}
,"/Users/mathou/Projects/FINAL/injection_dependent/src/PreviousSite.js": {"path":"/Users/mathou/Projects/FINAL/injection_dependent/src/PreviousSite.js","statementMap":{"0":{"start":{"line":6,"column":4},"end":{"line":10,"column":6}}},"fnMap":{"0":{"name":"(anonymous_0)","decl":{"start":{"line":5,"column":2},"end":{"line":5,"column":3}},"loc":{"start":{"line":5,"column":11},"end":{"line":11,"column":3}},"line":5}},"branchMap":{},"s":{"0":1},"f":{"0":1},"b":{},"_coverageSchema":"332fd63041d2c1bcb487cc26dd0d5f7d97098a6c","hash":"e5c521b17f879c203976c02e5acc14688f388c4a"}
}
