{"/Users/mathou/Projects/FINAL/injection_dependent/App.js": {"path":"/Users/mathou/Projects/FINAL/injection_dependent/App.js","statementMap":{"0":{"start":{"line":8,"column":4},"end":{"line":8,"column":16}},"1":{"start":{"line":9,"column":4},"end":{"line":13,"column":5}},"2":{"start":{"line":17,"column":21},"end":{"line":17,"column":67}},"3":{"start":{"line":18,"column":23},"end":{"line":18,"column":76}},"4":{"start":{"line":19,"column":4},"end":{"line":23,"column":6}},"5":{"start":{"line":27,"column":4},"end":{"line":38,"column":5}},"6":{"start":{"line":28,"column":6},"end":{"line":37,"column":7}},"7":{"start":{"line":29,"column":22},"end":{"line":29,"column":53}},"8":{"start":{"line":30,"column":8},"end":{"line":33,"column":9}},"9":{"start":{"line":31,"column":10},"end":{"line":31,"column":29}},"10":{"start":{"line":32,"column":10},"end":{"line":32,"column":61}},"11":{"start":{"line":35,"column":8},"end":{"line":35,"column":26}},"12":{"start":{"line":36,"column":8},"end":{"line":36,"column":65}},"13":{"start":{"line":39,"column":4},"end":{"line":49,"column":6}},"14":{"start":{"line":53,"column":15},"end":{"line":60,"column":2}}},"fnMap":{"0":{"name":"(anonymous_0)","decl":{"start":{"line":7,"column":2},"end":{"line":7,"column":3}},"loc":{"start":{"line":7,"column":21},"end":{"line":14,"column":3}},"line":7},"1":{"name":"(anonymous_1)","decl":{"start":{"line":16,"column":2},"end":{"line":16,"column":3}},"loc":{"start":{"line":16,"column":23},"end":{"line":24,"column":3}},"line":16},"2":{"name":"(anonymous_2)","decl":{"start":{"line":26,"column":2},"end":{"line":26,"column":3}},"loc":{"start":{"line":26,"column":11},"end":{"line":50,"column":3}},"line":26},"3":{"name":"(anonymous_3)","decl":{"start":{"line":27,"column":20},"end":{"line":27,"column":21}},"loc":{"start":{"line":27,"column":32},"end":{"line":38,"column":5}},"line":27}},"branchMap":{"0":{"loc":{"start":{"line":30,"column":8},"end":{"line":33,"column":9}},"type":"if","locations":[{"start":{"line":30,"column":8},"end":{"line":33,"column":9}},{"start":{"line":30,"column":8},"end":{"line":33,"column":9}}],"line":30}},"s":{"0":10,"1":10,"2":7,"3":7,"4":7,"5":17,"6":0,"7":0,"8":0,"9":0,"10":0,"11":0,"12":0,"13":17,"14":1},"f":{"0":10,"1":7,"2":17,"3":0},"b":{"0":[0,0]},"_coverageSchema":"332fd63041d2c1bcb487cc26dd0d5f7d97098a6c","hash":"fa1779877bfa62f1f86fd384fd9219b26dff2fc7"}
,"/Users/mathou/Projects/FINAL/injection_dependent/src/CurrentSite.js": {"path":"/Users/mathou/Projects/FINAL/injection_dependent/src/CurrentSite.js","statementMap":{"0":{"start":{"line":6,"column":4},"end":{"line":10,"column":6}}},"fnMap":{"0":{"name":"(anonymous_0)","decl":{"start":{"line":5,"column":2},"end":{"line":5,"column":3}},"loc":{"start":{"line":5,"column":11},"end":{"line":11,"column":3}},"line":5}},"branchMap":{},"s":{"0":1},"f":{"0":1},"b":{},"_coverageSchema":"332fd63041d2c1bcb487cc26dd0d5f7d97098a6c","hash":"b23e1209572891dea534f21de39d1961e50fb91c"}
,"/Users/mathou/Projects/FINAL/injection_dependent/src/PreviousSite.js": {"path":"/Users/mathou/Projects/FINAL/injection_dependent/src/PreviousSite.js","statementMap":{"0":{"start":{"line":6,"column":4},"end":{"line":10,"column":6}}},"fnMap":{"0":{"name":"(anonymous_0)","decl":{"start":{"line":5,"column":2},"end":{"line":5,"column":3}},"loc":{"start":{"line":5,"column":11},"end":{"line":11,"column":3}},"line":5}},"branchMap":{},"s":{"0":1},"f":{"0":1},"b":{},"_coverageSchema":"332fd63041d2c1bcb487cc26dd0d5f7d97098a6c","hash":"e5c521b17f879c203976c02e5acc14688f388c4a"}
}
