TN:
SF:/Users/andrewwood/Documents/Projects/injection_dependent/App.js
FN:7,(anonymous_0)
FN:16,(anonymous_1)
FN:26,(anonymous_2)
FN:26,(anonymous_3)
FN:29,(anonymous_4)
FNF:5
FNH:4
FNDA:10,(anonymous_0)
FNDA:6,(anonymous_1)
FNDA:10,(anonymous_2)
FNDA:0,(anonymous_3)
FNDA:16,(anonymous_4)
DA:8,10
DA:9,10
DA:17,6
DA:18,6
DA:19,6
DA:26,10
DA:27,0
DA:30,16
DA:44,1
LF:9
LH:8
BRF:0
BRH:0
end_of_record
TN:
SF:/Users/andrewwood/Documents/Projects/injection_dependent/src/CurrentSite.js
FN:5,(anonymous_0)
FNF:1
FNH:1
FNDA:1,(anonymous_0)
DA:6,1
LF:1
LH:1
BRF:0
BRH:0
end_of_record
TN:
SF:/Users/andrewwood/Documents/Projects/injection_dependent/src/PreviousSite.js
FN:5,(anonymous_0)
FNF:1
FNH:1
FNDA:1,(anonymous_0)
DA:6,1
LF:1
LH:1
BRF:0
BRH:0
end_of_record
